<?xml version="1.0" encoding="UTF-8"?>
<!-- Generated by org.testng.reporters.JUnitReportReporter -->
<testsuite hostname="LAPTOP-OKGQ2SHE" failures="0" tests="1" name="orgg.nextrics.com.Fblogine" time="9.767" errors="0" timestamp="2022-06-09T19:41:07 IST" skipped="0">
  <testcase classname="orgg.nextrics.com.Fblogine" name="fbLogin" time="9.767"/>
  <system-out/>
</testsuite> <!-- orgg.nextrics.com.Fblogine -->
